2025-08-02 17:19:25,394 - INFO - Получена версия с GitHub: 2025.07.14-1510
2025-08-02 17:19:25,399 - INFO - Сравниваем версии: текущая=6.55, github=2025.07.14-1510
2025-08-02 16:21:12,447 - INFO - pylibs.zip успешно распакован
2025-08-02 16:21:12,624 - INFO - Установлены права на love.aarch64 через sudo
2025-08-02 16:21:12,631 - INFO - Сохранена версия: 2025.07.14-1510
2025-08-02 16:21:16,093 - INFO - Найдено 30 отсутствующих файлов рантаймов
2025-08-02 16:22:26,956 - INFO - Успешно скачан: dotnet-8.0.12.squashfs (29970432 байт)
2025-08-02 16:22:42,233 - INFO - Успешно скачан: frt_2.1.6.squashfs (7180288 байт)
2025-08-02 16:23:01,061 - INFO - Успешно скачан: frt_3.0.6_v1.squashfs (8728576 байт)
2025-08-02 16:23:23,269 - INFO - Успешно скачан: frt_3.1.2.squashfs (10158080 байт)
2025-08-02 16:23:47,290 - INFO - Успешно скачан: frt_3.2.3.squashfs (10952704 байт)
2025-08-02 16:24:11,870 - INFO - Успешно скачан: frt_3.3.4.squashfs (11149312 байт)
2025-08-02 16:24:37,466 - INFO - Успешно скачан: frt_3.4.5.squashfs (11677696 байт)
2025-08-02 16:25:05,461 - INFO - Успешно скачан: frt_3.5.2.squashfs (12775424 байт)
2025-08-02 16:25:33,536 - INFO - Успешно скачан: frt_3.5.3.squashfs (12775424 байт)
2025-08-02 16:26:00,814 - INFO - Успешно скачан: frt_3.6.squashfs (12324864 байт)
2025-08-02 16:26:51,853 - INFO - Успешно скачан: frt_4.0.4.squashfs (22716416 байт)
2025-08-02 16:27:44,152 - INFO - Успешно скачан: frt_4.1.3.squashfs (23461888 байт)
2025-08-02 16:32:22,492 - INFO - Успешно скачан: gmtoolkit.squashfs (120782848 байт)
2025-08-02 16:33:12,770 - INFO - Успешно скачан: godot_4.2.2.squashfs (22069248 байт)
2025-08-02 16:34:06,039 - INFO - Успешно скачан: godot_4.3.squashfs (23515136 байт)
2025-08-02 16:35:02,936 - INFO - Успешно скачан: godot_4.4.squashfs (25055232 байт)
2025-08-02 16:37:16,953 - INFO - Успешно скачан: mesa_pkg_0.1.squashfs (57966592 байт)
2025-08-02 16:38:33,658 - INFO - Успешно скачан: python_3.11.squashfs (33320960 байт)
2025-08-02 16:40:03,357 - INFO - Успешно скачан: pyxel_2.2.8_python_3.11.squashfs (37130240 байт)
2025-08-02 16:40:38,799 - INFO - Успешно скачан: renpy_8.1.3.squashfs (15757312 байт)
2025-08-02 16:41:38,876 - INFO - Успешно скачан: renpy_8.3.4.squashfs (26169344 байт)
2025-08-02 16:41:56,574 - INFO - Успешно скачан: rlvm.squashfs (8335360 байт)
2025-08-02 16:41:59,831 - INFO - Успешно скачан: solarus-1.6.5.squashfs (1904640 байт)
2025-08-02 16:42:09,480 - INFO - Успешно скачан: stupid_monkey.png (4675291 байт)
2025-08-02 16:44:19,358 - INFO - Успешно скачан: weston_pkg_0.2.squashfs (55398400 байт)
2025-08-02 16:49:44,223 - ERROR - Ошибка скачивания zulu11.48.21-ca-jdk11.0.11-linux.aarch64.squashfs: retrieval incomplete: got only 125829120 out of 198504448 bytes
2025-08-02 16:55:08,614 - ERROR - Ошибка скачивания zulu17.48.15-ca-jdk17.0.10-linux.aarch64.squashfs: retrieval incomplete: got only 125829120 out of 198959104 bytes
2025-08-02 16:57:04,955 - INFO - Успешно скачан: zulu17.54.21-ca-jre17.0.13-linux.squashfs (46895104 байт)
2025-08-02 16:59:14,290 - INFO - Успешно скачан: zulu23.32.11-ca-jre23.0.2-linux.squashfs (52232192 байт)
2025-08-02 17:01:33,088 - INFO - Успешно скачан: zulu8.86.0.25-ca-jdk8.0.452-linux.squashfs (55029760 байт)
2025-08-02 17:02:52,449 - INFO - NotoSans.tar.xz успешно распакован
2025-08-02 17:02:52,516 - INFO - Скрипт ports_fix успешно выполнен
2025-08-02 17:02:52,517 - INFO - Файл конфигурации не существует, никаких действий не требуется.
2025-08-02 17:02:52,517 - ERROR - Ошибка установки языка портмастера
2025-08-02 17:02:52,518 - INFO - Начало clean_exit...
2025-08-02 17:02:52,518 - INFO - Очистка временных файлов...
2025-08-02 17:02:52,518 - INFO - Настройка библиотек...
2025-08-02 17:02:53,531 - INFO - Библиотеки настроены успешно
2025-08-02 17:02:53,531 - INFO - Проверка PortMaster.sh...
2025-08-02 17:02:53,532 - INFO - Запуск PortMaster.sh: /roms/ports/PortMaster/PortMaster.sh
2025-08-02 18:09:58,017 - INFO - Получена версия с GitHub: 2025.07.14-1510
2025-08-02 18:09:58,023 - INFO - Сравниваем версии: текущая=2025.07.14-1510, github=2025.07.14-1510
2025-08-02 18:09:58,294 - INFO - Все файлы рантаймов установлены
2025-08-02 18:09:58,363 - INFO - Скрипт ports_fix успешно выполнен
2025-08-02 18:09:58,367 - INFO - Настройки языка успешно обновлены
2025-08-02 18:09:58,367 - ERROR - Ошибка установки языка портмастера
2025-08-02 18:09:58,367 - INFO - Начало clean_exit...
2025-08-02 18:09:58,368 - INFO - Очистка временных файлов...
2025-08-02 18:09:58,368 - INFO - Настройка библиотек...
2025-08-02 18:09:59,106 - INFO - Библиотеки настроены успешно
2025-08-02 18:09:59,107 - INFO - Проверка PortMaster.sh...
2025-08-02 18:09:59,107 - INFO - Запуск PortMaster.sh: /roms/ports/PortMaster/PortMaster.sh
